Flow report for TICTACTOE
Mon Oct 03 21:58:28 2022
Quartus Prime Version 20.1.1 Build 720 11/11/2020 SJ Lite Edition


---------------------
; Table of Contents ;
---------------------
  1. Legal Notice
  2. Flow Summary
  3. Flow Settings
  4. Flow Non-Default Global Settings
  5. Flow Elapsed Time
  6. Flow OS Summary
  7. Flow Log
  8. Flow Messages
  9. Flow Suppressed Messages



----------------
; Legal Notice ;
----------------
Copyright (C) 2020  Intel Corporation. All rights reserved.
Your use of Intel Corporation's design tools, logic functions 
and other software and tools, and any partner logic 
functions, and any output files from any of the foregoing 
(including device programming or simulation files), and any 
associated documentation or information are expressly subject 
to the terms and conditions of the Intel Program License 
Subscription Agreement, the Intel Quartus Prime License Agreement,
the Intel FPGA IP License Agreement, or other applicable license
agreement, including, without limitation, that your use is for
the sole purpose of programming logic devices manufactured by
Intel and sold by Intel or its authorized distributors.  Please
refer to the applicable agreement for further details, at
https://fpgasoftware.intel.com/eula.



+-------------------------------------------------------------------------------+
; Flow Summary                                                                  ;
+---------------------------------+---------------------------------------------+
; Flow Status                     ; Successful - Mon Oct 03 21:58:28 2022       ;
; Quartus Prime Version           ; 20.1.1 Build 720 11/11/2020 SJ Lite Edition ;
; Revision Name                   ; TICTACTOE                                   ;
; Top-level Entity Name           ; VGA_Controller                              ;
; Family                          ; Cyclone V                                   ;
; Device                          ; 5CSEMA5F31C6                                ;
; Timing Models                   ; Final                                       ;
; Logic utilization (in ALMs)     ; 65 / 32,070 ( < 1 % )                       ;
; Total registers                 ; 123                                         ;
; Total pins                      ; 29 / 457 ( 6 % )                            ;
; Total virtual pins              ; 0                                           ;
; Total block memory bits         ; 0 / 4,065,280 ( 0 % )                       ;
; Total DSP Blocks                ; 0 / 87 ( 0 % )                              ;
; Total HSSI RX PCSs              ; 0                                           ;
; Total HSSI PMA RX Deserializers ; 0                                           ;
; Total HSSI TX PCSs              ; 0                                           ;
; Total HSSI PMA TX Serializers   ; 0                                           ;
; Total PLLs                      ; 0 / 6 ( 0 % )                               ;
; Total DLLs                      ; 0 / 4 ( 0 % )                               ;
+---------------------------------+---------------------------------------------+


+-----------------------------------------+
; Flow Settings                           ;
+-------------------+---------------------+
; Option            ; Setting             ;
+-------------------+---------------------+
; Start date & time ; 10/03/2022 21:57:40 ;
; Main task         ; Compilation         ;
; Revision Name     ; TICTACTOE           ;
+-------------------+---------------------+


+----------------------------------------------------------------------------------------------------------------------------------------------------+
; Flow Non-Default Global Settings                                                                                                                   ;
+--------------------------------------+----------------------------------------+---------------+----------------+-----------------------------------+
; Assignment Name                      ; Value                                  ; Default Value ; Entity Name    ; Section Id                        ;
+--------------------------------------+----------------------------------------+---------------+----------------+-----------------------------------+
; COMPILER_SIGNATURE_ID                ; 237901792325154.166485586019832        ; --            ; --             ; --                                ;
; EDA_DESIGN_INSTANCE_NAME             ; NA                                     ; --            ; --             ; test_vga_Controller               ;
; EDA_DESIGN_INSTANCE_NAME             ; NA                                     ; --            ; --             ; TicTacToeTest                     ;
; EDA_GENERATE_FUNCTIONAL_NETLIST      ; Off                                    ; --            ; --             ; eda_board_design_timing           ;
; EDA_GENERATE_FUNCTIONAL_NETLIST      ; Off                                    ; --            ; --             ; eda_board_design_boundary_scan    ;
; EDA_GENERATE_FUNCTIONAL_NETLIST      ; Off                                    ; --            ; --             ; eda_board_design_signal_integrity ;
; EDA_GENERATE_FUNCTIONAL_NETLIST      ; Off                                    ; --            ; --             ; eda_board_design_symbol           ;
; EDA_NATIVELINK_SIMULATION_TEST_BENCH ; test_vga_Controller                    ; --            ; --             ; eda_simulation                    ;
; EDA_OUTPUT_DATA_FORMAT               ; Systemverilog Hdl                      ; --            ; --             ; eda_simulation                    ;
; EDA_SIMULATION_TOOL                  ; ModelSim-Altera (SystemVerilog)        ; <None>        ; --             ; --                                ;
; EDA_TEST_BENCH_ENABLE_STATUS         ; TEST_BENCH_MODE                        ; --            ; --             ; eda_simulation                    ;
; EDA_TEST_BENCH_FILE                  ; test_vga_Controller.sv                 ; --            ; --             ; test_vga_Controller               ;
; EDA_TEST_BENCH_FILE                  ; TicTacToeTest.sv                       ; --            ; --             ; TicTacToeTest                     ;
; EDA_TEST_BENCH_MODULE_NAME           ; test_vga_Controller                    ; --            ; --             ; test_vga_Controller               ;
; EDA_TEST_BENCH_MODULE_NAME           ; TicTacToeTest                          ; --            ; --             ; TicTacToeTest                     ;
; EDA_TEST_BENCH_NAME                  ; TicTacToeTest                          ; --            ; --             ; eda_simulation                    ;
; EDA_TEST_BENCH_NAME                  ; test_vga_Controller                    ; --            ; --             ; eda_simulation                    ;
; EDA_TIME_SCALE                       ; 1 ps                                   ; --            ; --             ; eda_simulation                    ;
; MAX_CORE_JUNCTION_TEMP               ; 85                                     ; --            ; --             ; --                                ;
; MIN_CORE_JUNCTION_TEMP               ; 0                                      ; --            ; --             ; --                                ;
; PARTITION_COLOR                      ; -- (Not supported for targeted family) ; --            ; VGA_Controller ; Top                               ;
; PARTITION_FITTER_PRESERVATION_LEVEL  ; -- (Not supported for targeted family) ; --            ; VGA_Controller ; Top                               ;
; PARTITION_NETLIST_TYPE               ; -- (Not supported for targeted family) ; --            ; VGA_Controller ; Top                               ;
; POWER_BOARD_THERMAL_MODEL            ; None (CONSERVATIVE)                    ; --            ; --             ; --                                ;
; POWER_PRESET_COOLING_SOLUTION        ; 23 MM HEAT SINK WITH 200 LFPM AIRFLOW  ; --            ; --             ; --                                ;
; PROJECT_OUTPUT_DIRECTORY             ; output_files                           ; --            ; --             ; --                                ;
; TOP_LEVEL_ENTITY                     ; VGA_Controller                         ; TICTACTOE     ; --             ; --                                ;
+--------------------------------------+----------------------------------------+---------------+----------------+-----------------------------------+


+--------------------------------------------------------------------------------------------------------------------------+
; Flow Elapsed Time                                                                                                        ;
+----------------------+--------------+-------------------------+---------------------+------------------------------------+
; Module Name          ; Elapsed Time ; Average Processors Used ; Peak Virtual Memory ; Total CPU Time (on all processors) ;
+----------------------+--------------+-------------------------+---------------------+------------------------------------+
; Analysis & Synthesis ; 00:00:06     ; 1.0                     ; 4882 MB             ; 00:00:14                           ;
; Fitter               ; 00:00:30     ; 1.0                     ; 7341 MB             ; 00:01:38                           ;
; Assembler            ; 00:00:04     ; 1.0                     ; 4837 MB             ; 00:00:05                           ;
; Timing Analyzer      ; 00:00:04     ; 1.3                     ; 5239 MB             ; 00:00:04                           ;
; EDA Netlist Writer   ; 00:00:00     ; 1.0                     ; 4726 MB             ; 00:00:01                           ;
; Total                ; 00:00:44     ; --                      ; --                  ; 00:02:02                           ;
+----------------------+--------------+-------------------------+---------------------+------------------------------------+


+------------------------------------------------------------------------------------+
; Flow OS Summary                                                                    ;
+----------------------+------------------+------------+------------+----------------+
; Module Name          ; Machine Hostname ; OS Name    ; OS Version ; Processor type ;
+----------------------+------------------+------------+------------+----------------+
; Analysis & Synthesis ; Domtaxx          ; Windows 10 ; 10.0       ; x86_64         ;
; Fitter               ; Domtaxx          ; Windows 10 ; 10.0       ; x86_64         ;
; Assembler            ; Domtaxx          ; Windows 10 ; 10.0       ; x86_64         ;
; Timing Analyzer      ; Domtaxx          ; Windows 10 ; 10.0       ; x86_64         ;
; EDA Netlist Writer   ; Domtaxx          ; Windows 10 ; 10.0       ; x86_64         ;
+----------------------+------------------+------------+------------+----------------+


------------
; Flow Log ;
------------
quartus_map --read_settings_files=on --write_settings_files=off TICTACTOE -c TICTACTOE
quartus_fit --read_settings_files=off --write_settings_files=off TICTACTOE -c TICTACTOE
quartus_asm --read_settings_files=off --write_settings_files=off TICTACTOE -c TICTACTOE
quartus_sta TICTACTOE -c TICTACTOE
quartus_eda --read_settings_files=off --write_settings_files=off TICTACTOE -c TICTACTOE



